<?xml version="1.0" encoding="UTF-8"?>
<!-- Generated by org.testng.reporters.JUnitReportReporter -->
<testsuite skipped="0" hostname="Lenovo-PC" name="test.LoginWithWrongEmail" tests="1" failures="0" timestamp="27 kwi 2020 19:23:32 GMT" time="3.066" errors="0">
  <testcase name="loginWithWrongEmail" time="3.066" classname="test.LoginWithWrongEmail"/>
</testsuite> <!-- test.LoginWithWrongEmail -->
