<?xml version="1.0" encoding="UTF-8"?>
<!-- Generated by org.testng.reporters.JUnitReportReporter -->
<testsuite skipped="0" hostname="Lenovo-PC" name="test.RegisterWithEmptyPasswords" tests="1" failures="0" timestamp="27 kwi 2020 19:23:32 GMT" time="3.784" errors="0">
  <testcase name="registerWithEmptyPasswords" time="3.784" classname="test.RegisterWithEmptyPasswords"/>
</testsuite> <!-- test.RegisterWithEmptyPasswords -->
